15-03-2018 15:16:21 : INFO : {"self":{"y":1,"x":1},"empty":[{"y":1,"x":0},{"y":1,"x":2},{"y":2,"x":0},{"y":2,"x":1},{"y":2,"x":2},{"y":0,"x":0},{"y":0,"x":1},{"y":0,"x":2}],"room":"room"}
15-03-2018 15:14:55 : INFO : {"self":{"y":1,"x":1},"empty":[{"y":1,"x":0},{"y":1,"x":2},{"y":2,"x":0},{"y":2,"x":1},{"y":2,"x":2},{"y":0,"x":0},{"y":0,"x":1},{"y":0,"x":2}],"room":"room"}
15-03-2018 15:12:29 : INFO : {"self":{"y":1,"x":1},"empty":[{"y":1,"x":0},{"y":1,"x":2},{"y":2,"x":0},{"y":2,"x":1},{"y":2,"x":2},{"y":0,"x":0},{"y":0,"x":1},{"y":0,"x":2}],"room":"room"}
15-03-2018 15:11:41 : INFO : {"self":{"y":1,"x":1},"empty":[{"y":1,"x":0},{"y":1,"x":2},{"y":2,"x":0},{"y":2,"x":1},{"y":2,"x":2},{"y":0,"x":0},{"y":0,"x":1},{"y":0,"x":2}],"room":"room"}
15-03-2018 15:10:27 : INFO : {"self":{"y":1,"x":1},"empty":[{"y":1,"x":0},{"y":1,"x":2},{"y":2,"x":0},{"y":2,"x":1},{"y":2,"x":2},{"y":0,"x":0},{"y":0,"x":1},{"y":0,"x":2}],"room":"room"}
15-03-2018 15:10:14 : INFO : {"self":{"y":1,"x":1},"empty":[{"y":1,"x":0},{"y":1,"x":2},{"y":2,"x":0},{"y":2,"x":1},{"y":2,"x":2},{"y":0,"x":0},{"y":0,"x":1},{"y":0,"x":2}],"room":"room"}
15-03-2018 15:06:02 : INFO : {"self":{"y":1,"x":1},"empty":[{"y":1,"x":0},{"y":1,"x":2},{"y":2,"x":0},{"y":2,"x":1},{"y":2,"x":2},{"y":0,"x":0},{"y":0,"x":1},{"y":0,"x":2}],"room":"room"}
15-03-2018 15:03:25 : INFO : {"self":{"y":1,"x":0},"empty":[{"y":1,"x":1},{"y":1,"x":2},{"y":2,"x":0},{"y":2,"x":1},{"y":2,"x":2},{"y":0,"x":0},{"y":0,"x":1},{"y":0,"x":2}],"room":"room"}
15-03-2018 15:02:53 : INFO : {"self":{"y":1,"x":1},"empty":[{"y":1,"x":0},{"y":1,"x":2},{"y":2,"x":0},{"y":2,"x":1},{"y":2,"x":2},{"y":0,"x":0},{"y":0,"x":1},{"y":0,"x":2}],"room":"room"}
15-03-2018 15:01:36 : INFO : {"self":{"y":1,"x":1},"empty":[{"y":1,"x":0},{"y":1,"x":2},{"y":2,"x":0},{"y":2,"x":1},{"y":2,"x":2},{"y":0,"x":0},{"y":0,"x":1},{"y":0,"x":2}],"room":"room"}
15-03-2018 15:00:30 : INFO : {"self":{"y":1,"x":1},"empty":[{"y":1,"x":0},{"y":1,"x":2},{"y":2,"x":0},{"y":2,"x":1},{"y":2,"x":2},{"y":0,"x":0},{"y":0,"x":1},{"y":0,"x":2}],"room":"room"}
15-03-2018 15:00:04 : INFO : {"self":{"y":1,"x":1},"empty":[{"y":1,"x":0},{"y":1,"x":2},{"y":2,"x":0},{"y":2,"x":1},{"y":2,"x":2},{"y":0,"x":0},{"y":0,"x":1},{"y":0,"x":2}],"room":"room"}
15-03-2018 14:59:52 : INFO : {"self":{"y":1,"x":1},"empty":[{"y":1,"x":0},{"y":1,"x":2},{"y":2,"x":0},{"y":2,"x":1},{"y":2,"x":2},{"y":0,"x":0},{"y":0,"x":1},{"y":0,"x":2}],"room":"room"}
15-03-2018 14:59:37 : INFO : {"self":{"y":1,"x":0},"empty":[{"y":1,"x":1},{"y":1,"x":2},{"y":2,"x":0},{"y":2,"x":1},{"y":2,"x":2},{"y":0,"x":0},{"y":0,"x":1},{"y":0,"x":2}],"room":"room"}
15-03-2018 14:59:11 : INFO : {"self":{"y":1,"x":1},"empty":[{"y":1,"x":0},{"y":1,"x":2},{"y":2,"x":0},{"y":2,"x":1},{"y":2,"x":2},{"y":0,"x":0},{"y":0,"x":1},{"y":0,"x":2}],"room":"room"}
15-03-2018 14:56:55 : INFO : {"self":{"y":1,"x":1},"empty":[{"y":1,"x":0},{"y":1,"x":2},{"y":2,"x":0},{"y":2,"x":1},{"y":2,"x":2},{"y":0,"x":0},{"y":0,"x":1},{"y":0,"x":2}],"room":"room"}
15-03-2018 14:52:08 : INFO : {"self":{"y":1,"x":1},"empty":[{"y":1,"x":0},{"y":1,"x":2},{"y":2,"x":0},{"y":2,"x":1},{"y":2,"x":2},{"y":0,"x":0},{"y":0,"x":1},{"y":0,"x":2}],"room":"room"}
15-03-2018 14:49:22 : INFO : {"self":{"y":1,"x":1},"empty":[{"y":1,"x":0},{"y":1,"x":2},{"y":2,"x":0},{"y":2,"x":1},{"y":2,"x":2},{"y":0,"x":0},{"y":0,"x":1},{"y":0,"x":2}],"room":"room"}
15-03-2018 14:49:07 : INFO : {"self":{"y":1,"x":1},"empty":[{"y":1,"x":0},{"y":1,"x":2},{"y":2,"x":0},{"y":2,"x":1},{"y":2,"x":2},{"y":0,"x":0},{"y":0,"x":1},{"y":0,"x":2}],"room":"room"}
15-03-2018 14:48:31 : INFO : {"empty":[{"y":1,"x":1},{"y":1,"x":2},{"y":2,"x":0},{"y":2,"x":1},{"y":2,"x":2},{"y":0,"x":0},{"y":0,"x":1},{"y":0,"x":2}],"room":"room"}
15-03-2018 14:47:18 : INFO : {"empty":[{"y":1,"x":0},{"y":1,"x":2},{"y":2,"x":0},{"y":2,"x":1},{"y":2,"x":2},{"y":0,"x":0},{"y":0,"x":1},{"y":0,"x":2}],"room":"room"}
15-03-2018 14:46:34 : INFO : {"empty":[{"y":1,"x":1},{"y":1,"x":2},{"y":2,"x":0},{"y":2,"x":1},{"y":2,"x":2},{"y":0,"x":0},{"y":0,"x":1},{"y":0,"x":2}],"room":"room"}
15-03-2018 14:45:05 : INFO : {"empty":[{"y":1,"x":0},{"y":1,"x":1},{"y":2,"x":0},{"y":2,"x":1},{"y":2,"x":2},{"y":0,"x":0},{"y":0,"x":1},{"y":0,"x":2}],"room":"room"}
15-03-2018 14:03:47 : INFO : {"empty":[{"y":1,"x":0},{"y":1,"x":1},{"y":2,"x":0},{"y":2,"x":1},{"y":2,"x":2},{"y":0,"x":0},{"y":0,"x":1},{"y":0,"x":2}],"room":"room"}
15-03-2018 13:56:02 : INFO : {"empty":[{"y":1,"x":0},{"y":1,"x":1},{"y":2,"x":2},{"y":0,"x":0},{"y":0,"x":1},{"y":0,"x":2}],"bounds":{"y":2,"x":2}}
15-03-2018 13:55:50 : INFO : {"empty":[{"y":1,"x":0},{"y":1,"x":1},{"y":2,"x":0},{"y":2,"x":1},{"y":2,"x":2},{"y":0,"x":0},{"y":0,"x":1},{"y":0,"x":2}],"bounds":{"y":2,"x":1}}
15-03-2018 13:28:11 : INFO : {"empty":[{"y":1,"x":0},{"y":2,"x":0},{"y":2,"x":2},{"y":0,"x":1}],"bounds":{"y":2,"x":2}}
15-03-2018 13:28:11 : INFO : {"empty":[{"y":1,"x":0},{"y":1,"x":2},{"y":2,"x":0},{"y":2,"x":1},{"y":2,"x":2},{"y":0,"x":1}],"bounds":{"y":2,"x":1}}
15-03-2018 13:28:10 : INFO : {"empty":[{"y":1,"x":0},{"y":1,"x":2},{"y":2,"x":0},{"y":2,"x":1},{"y":2,"x":2},{"y":0,"x":0},{"y":0,"x":1},{"y":0,"x":2}],"bounds":{"y":0,"x":0}}
15-03-2018 13:22:06 : INFO : {"empty":[{"y":1,"x":1},{"y":0,"x":1}],"bounds":{"y":1,"x":1}}
15-03-2018 13:22:05 : INFO : {"empty":[{"y":1,"x":1},{"y":2,"x":0},{"y":2,"x":2},{"y":0,"x":1}],"bounds":{"y":2,"x":2}}
15-03-2018 13:22:03 : INFO : {"empty":[{"y":1,"x":1},{"y":2,"x":0},{"y":2,"x":2},{"y":0,"x":0},{"y":0,"x":1},{"y":0,"x":2}],"bounds":{"y":0,"x":0}}
15-03-2018 13:22:03 : INFO : {"empty":[{"y":1,"x":1},{"y":1,"x":2},{"y":2,"x":0},{"y":2,"x":1},{"y":2,"x":2},{"y":0,"x":0},{"y":0,"x":1},{"y":0,"x":2}],"bounds":{"y":2,"x":1}}
14-03-2018 20:01:13 : INFO : {"empty":[{"y":1,"x":2},{"y":2,"x":0},{"y":2,"x":1},{"y":2,"x":2}],"bounds":{"y":2,"x":1}}
14-03-2018 20:01:12 : INFO : {"empty":[{"y":1,"x":2},{"y":2,"x":0},{"y":2,"x":1},{"y":2,"x":2},{"y":0,"x":1},{"y":0,"x":2}],"bounds":{"y":0,"x":1}}
14-03-2018 20:01:11 : INFO : {"empty":[{"y":1,"x":0},{"y":1,"x":2},{"y":2,"x":0},{"y":2,"x":1},{"y":2,"x":2},{"y":0,"x":0},{"y":0,"x":1},{"y":0,"x":2}],"bounds":{"y":1,"x":0}}
14-03-2018 13:01:02 : INFO : {"empty":[{"y":1,"x":0},{"y":0,"x":1}],"bounds":{"y":1,"x":0}}
14-03-2018 13:01:01 : INFO : {"empty":[{"y":1,"x":0},{"y":2,"x":1},{"y":2,"x":2},{"y":0,"x":1}],"bounds":{"y":2,"x":2}}
14-03-2018 13:01:01 : INFO : {"empty":[{"y":1,"x":0},{"y":2,"x":1},{"y":2,"x":2},{"y":0,"x":0},{"y":0,"x":1},{"y":0,"x":2}],"bounds":{"y":0,"x":0}}
14-03-2018 13:01:00 : INFO : {"empty":[{"y":1,"x":0},{"y":1,"x":2},{"y":2,"x":0},{"y":2,"x":1},{"y":2,"x":2},{"y":0,"x":0},{"y":0,"x":1},{"y":0,"x":2}],"bounds":{"y":2,"x":0}}
14-03-2018 12:47:29 : INFO : {"empty":[{"y":1,"x":0},{"y":2,"x":0},{"y":2,"x":1},{"y":2,"x":2}],"bounds":{"y":2,"x":1}}
14-03-2018 12:47:28 : INFO : {"empty":[{"y":1,"x":0},{"y":2,"x":0},{"y":2,"x":1},{"y":2,"x":2},{"y":0,"x":1},{"y":0,"x":2}],"bounds":{"y":0,"x":1}}
14-03-2018 12:47:28 : INFO : {"empty":[{"y":1,"x":0},{"y":1,"x":2},{"y":2,"x":0},{"y":2,"x":1},{"y":2,"x":2},{"y":0,"x":0},{"y":0,"x":1},{"y":0,"x":2}],"bounds":{"y":0,"x":0}}
13-03-2018 22:13:59 : INFO : {"empty":[{"y":1,"x":0},{"y":2,"x":0},{"y":2,"x":2},{"y":0,"x":1}],"bounds":{"y":2,"x":2}}
13-03-2018 22:13:58 : INFO : {"empty":[{"y":1,"x":0},{"y":1,"x":2},{"y":2,"x":0},{"y":2,"x":1},{"y":2,"x":2},{"y":0,"x":1}],"bounds":{"y":2,"x":1}}
13-03-2018 22:13:58 : INFO : {"empty":[{"y":1,"x":0},{"y":1,"x":2},{"y":2,"x":0},{"y":2,"x":1},{"y":2,"x":2},{"y":0,"x":0},{"y":0,"x":1},{"y":0,"x":2}],"bounds":{"y":0,"x":0}}
13-03-2018 18:25:59 : INFO : {"empty":[{"y":1,"x":0},{"y":2,"x":0},{"y":2,"x":1},{"y":0,"x":0},{"y":0,"x":1},{"y":0,"x":2}],"bounds":{"y":1,"x":0}}
13-03-2018 18:25:57 : INFO : {"empty":[{"y":1,"x":0},{"y":1,"x":1},{"y":2,"x":0},{"y":2,"x":1},{"y":2,"x":2},{"y":0,"x":0},{"y":0,"x":1},{"y":0,"x":2}],"bounds":{"y":1,"x":1}}
13-03-2018 18:25:49 : ERROR : "No access to system applications: web, log"
13-03-2018 18:24:53 : ERROR : "No access to system applications: web, log"