15-03-2018 13:28:38 : DEBUG : {"username":"world"}
15-03-2018 13:28:26 : DEBUG : {"username":"hello"}
15-03-2018 13:18:49 : DEBUG : {"username":"1231231"}
15-03-2018 13:18:49 : DEBUG : {"username":"1231231"}
15-03-2018 13:18:41 : DEBUG : {"username":"123123"}
15-03-2018 13:18:41 : DEBUG : {"username":"123123"}
15-03-2018 13:16:11 : DEBUG : {"username":"4444"}
15-03-2018 13:16:08 : DEBUG : {"username":"123"}
15-03-2018 13:13:25 : DEBUG : {"username":"asdasdasdasg"}
15-03-2018 13:13:23 : DEBUG : {"username":"asdasdasdasg"}
15-03-2018 13:09:05 : DEBUG : {"username":"2222"}
15-03-2018 13:09:05 : DEBUG : {"username":"2222"}
15-03-2018 13:09:04 : DEBUG : {"username":"2222"}
15-03-2018 13:09:04 : DEBUG : {"username":"2222"}
15-03-2018 13:09:04 : DEBUG : {"username":"2222"}
15-03-2018 13:09:04 : DEBUG : {"username":"2222"}
15-03-2018 13:09:04 : DEBUG : {"username":"2222"}
15-03-2018 13:09:03 : DEBUG : {"username":"2222"}
15-03-2018 13:09:03 : DEBUG : {"username":"2222"}
15-03-2018 13:09:01 : DEBUG : {"username":"2222"}
15-03-2018 13:08:51 : DEBUG : {"username":"111"}
15-03-2018 13:07:19 : DEBUG : {"username":"3333"}
15-03-2018 13:07:18 : DEBUG : {"username":"3333"}
15-03-2018 13:07:18 : DEBUG : {"username":"3333"}
15-03-2018 13:07:18 : DEBUG : {"username":"3333"}
15-03-2018 13:07:18 : DEBUG : {"username":"3333"}
15-03-2018 13:07:18 : DEBUG : {"username":"3333"}
15-03-2018 13:07:18 : DEBUG : {"username":"3333"}
15-03-2018 13:07:17 : DEBUG : {"username":"3333"}
15-03-2018 13:07:17 : DEBUG : {"username":"3333"}
15-03-2018 13:07:17 : DEBUG : {"username":"3333"}
15-03-2018 13:07:17 : DEBUG : {"username":"3333"}
15-03-2018 13:07:17 : DEBUG : {"username":"3333"}
15-03-2018 13:07:17 : DEBUG : {"username":"3333"}
15-03-2018 13:07:16 : DEBUG : {"username":"3333"}
15-03-2018 13:07:16 : DEBUG : {"username":"3333"}
15-03-2018 13:07:16 : DEBUG : {"username":"3333"}
15-03-2018 13:07:15 : DEBUG : {"username":"3333"}
15-03-2018 13:07:13 : DEBUG : {"username":"3333"}
15-03-2018 13:07:10 : DEBUG : {"username":"3333"}
15-03-2018 13:03:16 : DEBUG : {"username":""}
15-03-2018 13:02:03 : DEBUG : {"username":"111111"}
15-03-2018 12:59:34 : DEBUG : {"username":""}
15-03-2018 12:54:27 : DEBUG : {"username":"4444"}
15-03-2018 12:54:02 : DEBUG : {"username":""}
15-03-2018 12:52:54 : DEBUG : {"username":""}
15-03-2018 12:52:25 : DEBUG : {"username":""}
15-03-2018 12:51:10 : DEBUG : {"username":""}
15-03-2018 12:50:55 : DEBUG : {"username":""}
15-03-2018 12:49:59 : DEBUG : {"username":"222"}
15-03-2018 12:49:52 : DEBUG : {"username":""}
15-03-2018 12:49:48 : DEBUG : {"username":""}
15-03-2018 12:48:41 : DEBUG : {"username":""}
15-03-2018 12:48:41 : DEBUG : {"username":""}
15-03-2018 12:48:41 : DEBUG : {"username":""}
15-03-2018 12:48:41 : DEBUG : {"username":""}
15-03-2018 12:48:40 : DEBUG : {"username":""}
15-03-2018 12:48:40 : DEBUG : {"username":""}
15-03-2018 12:48:40 : DEBUG : {"username":""}
15-03-2018 12:48:40 : DEBUG : {"username":""}
15-03-2018 12:48:40 : DEBUG : {"username":""}
15-03-2018 12:48:40 : DEBUG : {"username":""}
15-03-2018 12:48:39 : DEBUG : {"username":""}
15-03-2018 12:48:39 : DEBUG : {"username":""}
15-03-2018 12:48:39 : DEBUG : {"username":""}
15-03-2018 12:48:39 : DEBUG : {"username":""}
15-03-2018 12:48:39 : DEBUG : {"username":""}
15-03-2018 12:48:39 : DEBUG : {"username":""}
15-03-2018 12:48:38 : DEBUG : {"username":""}
15-03-2018 12:48:38 : DEBUG : {"username":""}
15-03-2018 12:48:38 : DEBUG : {"username":""}
15-03-2018 12:48:38 : DEBUG : {"username":""}
15-03-2018 12:48:37 : DEBUG : {"username":""}
15-03-2018 12:48:35 : DEBUG : {"username":""}
15-03-2018 12:46:38 : DEBUG : {"username":""}
15-03-2018 12:46:36 : DEBUG : {"username":""}
15-03-2018 12:43:10 : DEBUG : {"username":"2"}
15-03-2018 12:42:06 : DEBUG : {"username":""}
15-03-2018 12:41:44 : DEBUG : {"username":"555"}
15-03-2018 12:41:29 : DEBUG : {"username":""}
14-03-2018 20:14:30 : DEBUG : {"username":"123123"}
14-03-2018 20:14:24 : DEBUG : {"username":""}
14-03-2018 19:12:18 : DEBUG : {"username":"123123"}
14-03-2018 19:12:08 : DEBUG : {"username":"123123"}
14-03-2018 19:07:55 : DEBUG : {"username":""}
14-03-2018 19:05:19 : DEBUG : {"username":""}
14-03-2018 19:04:32 : DEBUG : {"username":""}
14-03-2018 19:03:59 : DEBUG : {"username":"123123"}
14-03-2018 19:03:54 : DEBUG : {"username":""}
14-03-2018 19:03:54 : DEBUG : {"username":""}
14-03-2018 19:03:52 : DEBUG : {"username":""}
14-03-2018 15:37:30 : DEBUG : {"username":"12312"}
14-03-2018 15:32:07 : DEBUG : {"username":"12312"}
13-03-2018 21:12:20 : DEBUG : {"username":""}
13-03-2018 20:48:39 : INFO : {}
13-03-2018 20:39:34 : INFO : {}
13-03-2018 20:38:57 : INFO : {}
13-03-2018 20:38:18 : INFO : {}
13-03-2018 20:38:16 : INFO : {}
13-03-2018 20:37:46 : INFO : {}
13-03-2018 20:23:12 : INFO : {}
13-03-2018 20:23:04 : INFO : {}
13-03-2018 20:22:08 : INFO : {}
13-03-2018 20:19:38 : INFO : {}
13-03-2018 20:19:18 : INFO : {}
13-03-2018 20:18:51 : INFO : {}
13-03-2018 20:18:38 : INFO : {}
13-03-2018 20:17:25 : INFO : {}
13-03-2018 20:13:19 : INFO : {}
13-03-2018 20:13:01 : INFO : {}
13-03-2018 20:12:35 : INFO : {}
13-03-2018 20:11:49 : INFO : {}
13-03-2018 19:35:05 : INFO : {}
13-03-2018 19:32:10 : INFO : {}
13-03-2018 19:30:23 : INFO : {}
13-03-2018 19:28:24 : INFO : {}
13-03-2018 19:24:10 : INFO : {}
13-03-2018 19:13:38 : INFO : {}
13-03-2018 19:13:13 : INFO : {}
13-03-2018 19:13:05 : INFO : {}
13-03-2018 19:12:02 : INFO : {}
13-03-2018 19:05:08 : INFO : {}
13-03-2018 19:04:12 : INFO : {}
13-03-2018 19:03:58 : INFO : {}
13-03-2018 19:03:42 : INFO : {}
13-03-2018 19:03:22 : INFO : {}
13-03-2018 19:02:21 : INFO : {}
13-03-2018 19:01:14 : INFO : {}
13-03-2018 19:01:04 : INFO : {}
13-03-2018 19:00:46 : INFO : {}
13-03-2018 19:00:05 : INFO : {}
13-03-2018 18:59:57 : INFO : {}
13-03-2018 18:59:45 : INFO : {}
13-03-2018 18:59:29 : INFO : {}
13-03-2018 18:58:53 : INFO : {}
13-03-2018 18:56:02 : INFO : {}
13-03-2018 18:54:49 : INFO : {}
13-03-2018 18:54:34 : INFO : {}
13-03-2018 18:53:46 : INFO : {}
13-03-2018 18:53:14 : INFO : {}
13-03-2018 18:53:03 : INFO : {}
13-03-2018 18:50:26 : INFO : {}
13-03-2018 18:49:51 : INFO : {}
13-03-2018 18:48:52 : INFO : {}
13-03-2018 18:48:27 : INFO : {}
13-03-2018 18:47:33 : INFO : {}
13-03-2018 18:45:01 : INFO : {}
13-03-2018 18:44:43 : INFO : {}
13-03-2018 18:43:14 : INFO : {}
13-03-2018 18:42:58 : INFO : {}
13-03-2018 18:40:59 : INFO : {}
13-03-2018 18:40:04 : INFO : {}
13-03-2018 18:39:57 : INFO : {}
13-03-2018 18:37:18 : INFO : {}
13-03-2018 18:37:15 : INFO : {}
13-03-2018 18:36:51 : INFO : {}
13-03-2018 18:36:06 : INFO : {}
13-03-2018 18:35:01 : INFO : {}
13-03-2018 18:34:16 : INFO : {}
13-03-2018 18:33:31 : INFO : {}
13-03-2018 18:33:11 : INFO : {}
13-03-2018 18:32:15 : INFO : {}
13-03-2018 18:26:12 : INFO : {}
13-03-2018 18:23:29 : INFO : {}
13-03-2018 18:23:12 : INFO : {}
13-03-2018 18:22:39 : INFO : {}
13-03-2018 18:22:01 : INFO : {}
13-03-2018 18:16:26 : INFO : {}
13-03-2018 18:14:30 : INFO : {}
13-03-2018 18:13:32 : INFO : {}
13-03-2018 18:13:16 : INFO : {}
13-03-2018 18:11:58 : INFO : {}
13-03-2018 18:11:13 : INFO : {}
13-03-2018 18:10:35 : INFO : {}
13-03-2018 18:08:59 : INFO : {}
13-03-2018 17:47:26 : INFO : {}
13-03-2018 17:47:20 : INFO : {}
13-03-2018 17:47:16 : DEBUG : {"username":"12312"}
13-03-2018 17:47:12 : INFO : {}
13-03-2018 17:46:27 : ERROR : "No access to system applications: web, log"
13-03-2018 17:45:20 : ERROR : "No access to system applications: web, log"
13-03-2018 17:43:02 : ERROR : "No access to system applications: web, log"
13-03-2018 17:38:27 : ERROR : "No access to system applications: web, log"
