Arguments: 
  /usr/bin/node /usr/bin/yarn add redux-observable

PATH: 
  /usr/local/bin:/usr/bin:/bin:/usr/local/games:/usr/games

Yarn version: 
  1.7.0

Node version: 
  8.11.3

Platform: 
  linux x64

Trace: 
  Error: https://registry.yarnpkg.com/redux-observable: ETIMEDOUT
      at Timeout._onTimeout (/usr/lib/node_modules/yarn/lib/cli.js:135339:19)
      at ontimeout (timers.js:498:11)
      at tryOnTimeout (timers.js:323:5)
      at Timer.listOnTimeout (timers.js:290:5)

npm manifest: 
  {
    "name": "client",
    "version": "1.0.0",
    "description": "",
    "main": "index.js",
    "scripts": {
      "build": "browserify index.js > bundle.js",
      "test": "echo \"Error: no test specified\" && exit 1"
    },
    "author": "",
    "license": "ISC",
    "dependencies": {
      "flux-standard-action": "^2.0.3",
      "redux": "^4.0.0",
      "redux-logger": "^3.0.6",
      "redux-thunk": "^2.3.0"
    }
  }

yarn manifest: 
  No manifest

Lockfile: 
  # THIS IS AN AUTOGENERATED FILE. DO NOT EDIT THIS FILE DIRECTLY.
  # yarn lockfile v1
  
  
  deep-diff@^0.3.5:
    version "0.3.8"
    resolved "https://registry.yarnpkg.com/deep-diff/-/deep-diff-0.3.8.tgz#c01de63efb0eec9798801d40c7e0dae25b582c84"
  
  flux-standard-action@^2.0.3:
    version "2.0.3"
    resolved "https://registry.yarnpkg.com/flux-standard-action/-/flux-standard-action-2.0.3.tgz#a73a6c4b25ea19d7051afe093ec108ff33dd8935"
    dependencies:
      lodash "^4.0.0"
  
  js-tokens@^3.0.0:
    version "3.0.2"
    resolved "https://registry.yarnpkg.com/js-tokens/-/js-tokens-3.0.2.tgz#9866df395102130e38f7f996bceb65443209c25b"
  
  lodash@^4.0.0:
    version "4.17.10"
    resolved "https://registry.yarnpkg.com/lodash/-/lodash-4.17.10.tgz#1b7793cf7259ea38fb3661d4d38b3260af8ae4e7"
  
  loose-envify@^1.1.0:
    version "1.3.1"
    resolved "https://registry.yarnpkg.com/loose-envify/-/loose-envify-1.3.1.tgz#d1a8ad33fa9ce0e713d65fdd0ac8b748d478c848"
    dependencies:
      js-tokens "^3.0.0"
  
  redux-logger@^3.0.6:
    version "3.0.6"
    resolved "https://registry.yarnpkg.com/redux-logger/-/redux-logger-3.0.6.tgz#f7555966f3098f3c88604c449cf0baf5778274bf"
    dependencies:
      deep-diff "^0.3.5"
  
  redux-thunk@^2.3.0:
    version "2.3.0"
    resolved "https://registry.yarnpkg.com/redux-thunk/-/redux-thunk-2.3.0.tgz#51c2c19a185ed5187aaa9a2d08b666d0d6467622"
  
  redux@^4.0.0:
    version "4.0.0"
    resolved "https://registry.yarnpkg.com/redux/-/redux-4.0.0.tgz#aa698a92b729315d22b34a0553d7e6533555cc03"
    dependencies:
      loose-envify "^1.1.0"
      symbol-observable "^1.2.0"
  
  symbol-observable@^1.2.0:
    version "1.2.0"
    resolved "https://registry.yarnpkg.com/symbol-observable/-/symbol-observable-1.2.0.tgz#c22688aed4eab3cdc2dfeacbb561660560a00804"
